{"C:\\Users\\Eduardo\\Documents\\Inventare\\school\\packages\\core\\api\\src\\utils\\elasticsearch.ts": {"path":"C:\\Users\\Eduardo\\Documents\\Inventare\\school\\packages\\core\\api\\src\\utils\\elasticsearch.ts","statementMap":{"0":{"start":{"line":2,"column":12},"end":{"line":2,"column":29}},"1":{"start":{"line":4,"column":11},"end":{"line":23,"column":6}},"2":{"start":{"line":6,"column":26},"end":{"line":12,"column":14}},"3":{"start":{"line":13,"column":12},"end":{"line":13,"column":41}},"4":{"start":{"line":14,"column":12},"end":{"line":14,"column":24}},"5":{"start":{"line":17,"column":26},"end":{"line":19,"column":14}},"6":{"start":{"line":20,"column":12},"end":{"line":20,"column":41}},"7":{"start":{"line":21,"column":12},"end":{"line":21,"column":24}},"8":{"start":{"line":25,"column":11},"end":{"line":33,"column":6}},"9":{"start":{"line":27,"column":25},"end":{"line":29,"column":14}},"10":{"start":{"line":30,"column":12},"end":{"line":30,"column":36}},"11":{"start":{"line":31,"column":12},"end":{"line":31,"column":24}},"12":{"start":{"line":36,"column":8},"end":{"line":36,"column":47}},"13":{"start":{"line":40,"column":8},"end":{"line":51,"column":null}},"14":{"start":{"line":41,"column":12},"end":{"line":50,"column":null}},"15":{"start":{"line":52,"column":8},"end":{"line":52,"column":27}},"16":{"start":{"line":56,"column":8},"end":{"line":72,"column":null}},"17":{"start":{"line":58,"column":12},"end":{"line":58,"column":42}},"18":{"start":{"line":60,"column":25},"end":{"line":60,"column":43}},"19":{"start":{"line":61,"column":12},"end":{"line":70,"column":null}},"20":{"start":{"line":62,"column":34},"end":{"line":62,"column":48}},"21":{"start":{"line":63,"column":16},"end":{"line":63,"column":35}},"22":{"start":{"line":64,"column":16},"end":{"line":69,"column":18}},"23":{"start":{"line":71,"column":12},"end":{"line":71,"column":40}},"24":{"start":{"line":76,"column":8},"end":{"line":105,"column":null}},"25":{"start":{"line":77,"column":12},"end":{"line":77,"column":42}},"26":{"start":{"line":79,"column":24},"end":{"line":79,"column":41}},"27":{"start":{"line":80,"column":12},"end":{"line":103,"column":null}},"28":{"start":{"line":81,"column":35},"end":{"line":81,"column":49}},"29":{"start":{"line":82,"column":16},"end":{"line":82,"column":35}},"30":{"start":{"line":83,"column":16},"end":{"line":88,"column":18}},"31":{"start":{"line":90,"column":31},"end":{"line":90,"column":36}},"32":{"start":{"line":91,"column":16},"end":{"line":99,"column":null}},"33":{"start":{"line":92,"column":20},"end":{"line":98,"column":null}},"34":{"start":{"line":93,"column":24},"end":{"line":93,"column":40}},"35":{"start":{"line":94,"column":24},"end":{"line":97,"column":26}},"36":{"start":{"line":100,"column":16},"end":{"line":102,"column":null}},"37":{"start":{"line":101,"column":20},"end":{"line":101,"column":48}},"38":{"start":{"line":104,"column":12},"end":{"line":104,"column":38}},"39":{"start":{"line":1,"column":0},"end":{"line":1,"column":13}}},"fnMap":{"0":{"name":"(anonymous_0)","decl":{"start":{"line":1,"column":0},"end":{"line":1,"column":13}},"loc":{"start":{"line":1,"column":0},"end":{"line":107,"column":1}}},"1":{"name":"(anonymous_1)","decl":{"start":{"line":5,"column":22},"end":{"line":5,"column":23}},"loc":{"start":{"line":5,"column":79},"end":{"line":15,"column":9}}},"2":{"name":"(anonymous_2)","decl":{"start":{"line":16,"column":15},"end":{"line":16,"column":16}},"loc":{"start":{"line":16,"column":45},"end":{"line":22,"column":9}}},"3":{"name":"(anonymous_3)","decl":{"start":{"line":26,"column":14},"end":{"line":26,"column":15}},"loc":{"start":{"line":26,"column":44},"end":{"line":32,"column":9}}},"4":{"name":"(anonymous_4)","decl":{"start":{"line":35,"column":11},"end":{"line":35,"column":17}},"loc":{"start":{"line":35,"column":23},"end":{"line":37,"column":5}}},"5":{"name":"(anonymous_5)","decl":{"start":{"line":39,"column":11},"end":{"line":39,"column":18}},"loc":{"start":{"line":39,"column":18},"end":{"line":53,"column":5}}},"6":{"name":"(anonymous_6)","decl":{"start":{"line":55,"column":12},"end":{"line":55,"column":24}},"loc":{"start":{"line":55,"column":34},"end":{"line":73,"column":5}}},"7":{"name":"(anonymous_7)","decl":{"start":{"line":75,"column":12},"end":{"line":75,"column":28}},"loc":{"start":{"line":75,"column":39},"end":{"line":106,"column":5}}}},"branchMap":{"0":{"loc":{"start":{"line":5,"column":74},"end":{"line":5,"column":75}},"type":"default-arg","locations":[{"start":{"line":5,"column":74},"end":{"line":5,"column":75}}]},"1":{"loc":{"start":{"line":40,"column":8},"end":{"line":51,"column":null}},"type":"if","locations":[{"start":{"line":40,"column":8},"end":{"line":51,"column":null}},{"start":{"line":40,"column":8},"end":{"line":51,"column":null}}]},"2":{"loc":{"start":{"line":45,"column":52},"end":{"line":45,"column":71}},"type":"cond-expr","locations":[{"start":{"line":45,"column":52},"end":{"line":45,"column":71}},{"start":{"line":45,"column":74},"end":{"line":45,"column":76}}]},"3":{"loc":{"start":{"line":56,"column":8},"end":{"line":72,"column":null}},"type":"if","locations":[{"start":{"line":56,"column":8},"end":{"line":72,"column":null}},{"start":{"line":56,"column":8},"end":{"line":72,"column":null}}]},"4":{"loc":{"start":{"line":56,"column":12},"end":{"line":56,"column":72}},"type":"binary-expr","locations":[{"start":{"line":56,"column":12},"end":{"line":56,"column":72}},{"start":{"line":57,"column":12},"end":{"line":57,"column":77}}]},"5":{"loc":{"start":{"line":61,"column":12},"end":{"line":70,"column":null}},"type":"if","locations":[{"start":{"line":61,"column":12},"end":{"line":70,"column":null}},{"start":{"line":61,"column":12},"end":{"line":70,"column":null}}]},"6":{"loc":{"start":{"line":76,"column":8},"end":{"line":105,"column":null}},"type":"if","locations":[{"start":{"line":76,"column":8},"end":{"line":105,"column":null}},{"start":{"line":76,"column":8},"end":{"line":105,"column":null}}]},"7":{"loc":{"start":{"line":80,"column":12},"end":{"line":103,"column":null}},"type":"if","locations":[{"start":{"line":80,"column":12},"end":{"line":103,"column":null}},{"start":{"line":80,"column":12},"end":{"line":103,"column":null}}]},"8":{"loc":{"start":{"line":91,"column":16},"end":{"line":99,"column":null}},"type":"if","locations":[{"start":{"line":91,"column":16},"end":{"line":99,"column":null}},{"start":{"line":91,"column":16},"end":{"line":99,"column":null}}]},"9":{"loc":{"start":{"line":92,"column":20},"end":{"line":98,"column":null}},"type":"if","locations":[{"start":{"line":92,"column":20},"end":{"line":98,"column":null}},{"start":{"line":92,"column":20},"end":{"line":98,"column":null}}]},"10":{"loc":{"start":{"line":100,"column":16},"end":{"line":102,"column":null}},"type":"if","locations":[{"start":{"line":100,"column":16},"end":{"line":102,"column":null}},{"start":{"line":100,"column":16},"end":{"line":102,"column":null}}]}},"s":{"0":9,"1":9,"2":3,"3":3,"4":3,"5":7,"6":7,"7":7,"8":9,"9":3,"10":3,"11":3,"12":9,"13":9,"14":2,"15":7,"16":3,"17":2,"18":1,"19":1,"20":1,"21":1,"22":1,"23":1,"24":10,"25":6,"26":4,"27":4,"28":3,"29":3,"30":3,"31":1,"32":1,"33":1,"34":1,"35":1,"36":1,"37":0,"38":4,"39":1},"f":{"0":9,"1":3,"2":7,"3":3,"4":9,"5":9,"6":3,"7":10},"b":{"0":[3],"1":[2,7],"2":[1,1],"3":[2,1],"4":[3,1],"5":[1,0],"6":[6,4],"7":[3,1],"8":[1,0],"9":[1,0],"10":[0,1]}}
}
