TN:
SF:packages\core\api\src\utils\elasticsearch.ts
FN:1,(anonymous_0)
FN:5,(anonymous_1)
FN:16,(anonymous_2)
FN:26,(anonymous_3)
FN:35,(anonymous_4)
FN:39,(anonymous_5)
FN:55,(anonymous_6)
FN:75,(anonymous_7)
FNF:8
FNH:8
FNDA:9,(anonymous_0)
FNDA:3,(anonymous_1)
FNDA:7,(anonymous_2)
FNDA:3,(anonymous_3)
FNDA:9,(anonymous_4)
FNDA:9,(anonymous_5)
FNDA:3,(anonymous_6)
FNDA:10,(anonymous_7)
DA:1,1
DA:2,9
DA:4,9
DA:6,3
DA:13,3
DA:14,3
DA:17,7
DA:20,7
DA:21,7
DA:25,9
DA:27,3
DA:30,3
DA:31,3
DA:36,9
DA:40,9
DA:41,2
DA:52,7
DA:56,3
DA:58,2
DA:60,1
DA:61,1
DA:62,1
DA:63,1
DA:64,1
DA:71,1
DA:76,10
DA:77,6
DA:79,4
DA:80,4
DA:81,3
DA:82,3
DA:83,3
DA:90,1
DA:91,1
DA:92,1
DA:93,1
DA:94,1
DA:100,1
DA:101,0
DA:104,4
LF:40
LH:39
BRDA:5,0,0,3
BRDA:40,1,0,2
BRDA:40,1,1,7
BRDA:45,2,0,1
BRDA:45,2,1,1
BRDA:56,3,0,2
BRDA:56,3,1,1
BRDA:56,4,0,3
BRDA:56,4,1,1
BRDA:61,5,0,1
BRDA:61,5,1,0
BRDA:76,6,0,6
BRDA:76,6,1,4
BRDA:80,7,0,3
BRDA:80,7,1,1
BRDA:91,8,0,1
BRDA:91,8,1,0
BRDA:92,9,0,1
BRDA:92,9,1,0
BRDA:100,10,0,0
BRDA:100,10,1,1
BRF:21
BRH:17
end_of_record
